<?xml version="1.0" encoding="UTF-8"?>
<testng-results skipped="0" failed="0" ignored="0" total="2" passed="2">
  <reporter-output>
  </reporter-output>
  <suite name="Default suite" duration-ms="87" started-at="2023-02-07T20:31:09 IST" finished-at="2023-02-07T20:31:09 IST">
    <groups>
    </groups>
    <test name="Default test" duration-ms="87" started-at="2023-02-07T20:31:09 IST" finished-at="2023-02-07T20:31:09 IST">
      <class name="Test.About">
        <test-method status="PASS" signature="logo5()[pri:0, instance:Test.About@52feb982]" name="logo5" duration-ms="13" started-at="2023-02-07T20:31:09 IST" finished-at="2023-02-07T20:31:09 IST">
          <reporter-output>
          </reporter-output>
        </test-method> <!-- logo5 -->
        <test-method status="PASS" signature="logo6()[pri:0, instance:Test.About@52feb982]" name="logo6" duration-ms="2" started-at="2023-02-07T20:31:09 IST" finished-at="2023-02-07T20:31:09 IST">
          <reporter-output>
          </reporter-output>
        </test-method> <!-- logo6 -->
      </class> <!-- Test.About -->
    </test> <!-- Default test -->
  </suite> <!-- Default suite -->
</testng-results>
